cl : Command line warning D9035: option 'clr:pure' has been deprecated and will be removed in a future release
  stdafx.cpp
cl : Command line warning D9035: option 'clr:pure' has been deprecated and will be removed in a future release
  AssemblyInfo.cpp
AssemblyInfo.cpp(40): warning C4947: 'System::Security::Permissions::SecurityAction::RequestMinimum': marked as obsolete
  AssemblyInfo.cpp(40): note: Message: 'Assembly level declarative security is obsolete and is no longer enforced by the CLR by default. See http://go.microsoft.com/fwlink/?LinkID=155570 for more information.'
  HDDAwakeCPP.cpp
c:\users\emre ozdemir\desktop\documents\git projects\hddawakecpp\hdd awake c++\hddawakecpp\Form1.h(79): warning C4129: 'L': unrecognized character escape sequence
c:\users\emre ozdemir\desktop\documents\git projects\hddawakecpp\hdd awake c++\hddawakecpp\Form1.h(269): warning C4996: 'fopen': This function or variable may be unsafe. Consider using fopen_s instead. To disable deprecation, use _CRT_SECURE_NO_WARNINGS. See online help for details.
  C:\Program Files (x86)\Windows Kits\10\Include\10.0.10240.0\ucrt\stdio.h(205): note: see declaration of 'fopen'
c:\users\emre ozdemir\desktop\documents\git projects\hddawakecpp\hdd awake c++\hddawakecpp\Form1.h(327): warning C4244: 'argument': conversion from 'double' to 'unsigned long', possible loss of data
c:\users\emre ozdemir\desktop\documents\git projects\hddawakecpp\hdd awake c++\hddawakecpp\Form1.h(321): warning C4996: 'localtime': This function or variable may be unsafe. Consider using localtime_s instead. To disable deprecation, use _CRT_SECURE_NO_WARNINGS. See online help for details.
  C:\Program Files (x86)\Windows Kits\10\Include\10.0.10240.0\ucrt\time.h(505): note: see declaration of 'localtime'
c:\users\emre ozdemir\desktop\documents\git projects\hddawakecpp\hdd awake c++\hddawakecpp\Form1.h(322): warning C4996: 'fopen': This function or variable may be unsafe. Consider using fopen_s instead. To disable deprecation, use _CRT_SECURE_NO_WARNINGS. See online help for details.
  C:\Program Files (x86)\Windows Kits\10\Include\10.0.10240.0\ucrt\stdio.h(205): note: see declaration of 'fopen'
c:\users\emre ozdemir\desktop\documents\git projects\hddawakecpp\hdd awake c++\hddawakecpp\Form1.h(326): warning C4996: 'fcloseall': The POSIX name for this item is deprecated. Instead, use the ISO C and C++ conformant name: _fcloseall. See online help for details.
  C:\Program Files (x86)\Windows Kits\10\Include\10.0.10240.0\ucrt\stdio.h(2447): note: see declaration of 'fcloseall'
c:\users\emre ozdemir\desktop\documents\git projects\hddawakecpp\hdd awake c++\hddawakecpp\Form1.h(327): warning C4996: '_sleep': This function or variable has been superceded by newer library or operating system functionality. Consider using Sleep instead. See online help for details.
  C:\Program Files (x86)\Windows Kits\10\Include\10.0.10240.0\ucrt\stdlib.h(1266): note: see declaration of '_sleep'
c:\users\emre ozdemir\desktop\documents\git projects\hddawakecpp\hdd awake c++\hddawakecpp\Form1.h(306): warning C4101: 'sleepSec': unreferenced local variable
HDDAwakeCPP.cpp(9): error C2976: 'std::array': too few template arguments
  D:\Program Files (x86)\Microsoft Visual Studio 14.0\VC\include\utility(306): note: see declaration of 'std::array'
HDDAwakeCPP.cpp(9): error C3699: '^': cannot use this indirection on type 'std::array'
  HDDAwakeCPP.cpp(9): note: compiler replacing '^' with '*' to continue parsing
HDDAwakeCPP.cpp(9): error C2664: 'int main(std::array *)': cannot convert argument 1 from 'int' to 'std::array *'
  HDDAwakeCPP.cpp(9): note: Conversion from integral type to pointer type requires reinterpret_cast, C-style cast or function-style cast
  Generating Code...
