Build started 20/12/2014 13:09:16.
     1>Project "C:\Users\Emre Ozdemir\Documents\Visual Studio 2012\Projects\WindowsFormsApplication5\WindowsFormsApplication5\WindowsFormsApplication5.vcxproj" on node 2 (Build target(s)).
     1>ClCompile:
         C:\Program Files (x86)\Microsoft Visual Studio 11.0\VC\bin\CL.exe /c /AI"C:\Program Files (x86)\Reference Assemblies\Microsoft\Framework\.NETFramework\v4.5\\" /AI"C:\Program Files (x86)\Windows Kits\8.0\References\CommonConfiguration\Neutral" /AI"C:\Program Files (x86)\Reference Assemblies\Microsoft\Framework\.NETFramework\v4.5\Facades\\" /Zi /clr:pure /nologo /W3 /WX- /Od /Oy- /D WIN32 /D _DEBUG /D _UNICODE /D UNICODE /EHa /MDd /GS /fp:precise /Zc:wchar_t /Zc:forScope /Yu"stdafx.h" /Fp"Debug\WindowsFormsApplication5.pch" /Fo"Debug\\" /Fd"Debug\vc110.pdb" /TP /FU"C:\Program Files (x86)\Reference Assemblies\Microsoft\Framework\.NETFramework\v4.5\mscorlib.dll" /FU"C:\Program Files (x86)\Reference Assemblies\Microsoft\Framework\.NETFramework\v4.5\System.Data.dll" /FU"C:\Program Files (x86)\Reference Assemblies\Microsoft\Framework\.NETFramework\v4.5\System.dll" /FU"C:\Program Files (x86)\Reference Assemblies\Microsoft\Framework\.NETFramework\v4.5\System.Drawing.dll" /FU"C:\Program Files (x86)\Reference Assemblies\Microsoft\Framework\.NETFramework\v4.5\System.Windows.Forms.dll" /FU"C:\Program Files (x86)\Reference Assemblies\Microsoft\Framework\.NETFramework\v4.5\System.Xml.dll" /analyze- /errorReport:prompt /clr:nostdlib WindowsFormsApplication5.cpp
         WindowsFormsApplication5.cpp
     1>c:\users\emre ozdemir\documents\visual studio 2012\projects\windowsformsapplication5\windowsformsapplication5\Form1.h(79): warning C4129: 'L' : unrecognized character escape sequence
     1>c:\users\emre ozdemir\documents\visual studio 2012\projects\windowsformsapplication5\windowsformsapplication5\Form1.h(269): warning C4996: 'fopen': This function or variable may be unsafe. Consider using fopen_s instead. To disable deprecation, use _CRT_SECURE_NO_WARNINGS. See online help for details.
                 C:\Program Files (x86)\Microsoft Visual Studio 11.0\VC\include\stdio.h(218) : see declaration of 'fopen'
     1>c:\users\emre ozdemir\documents\visual studio 2012\projects\windowsformsapplication5\windowsformsapplication5\Form1.h(321): warning C4996: 'localtime': This function or variable may be unsafe. Consider using localtime_s instead. To disable deprecation, use _CRT_SECURE_NO_WARNINGS. See online help for details.
                 C:\Program Files (x86)\Microsoft Visual Studio 11.0\VC\include\time.inl(112) : see declaration of 'localtime'
     1>c:\users\emre ozdemir\documents\visual studio 2012\projects\windowsformsapplication5\windowsformsapplication5\Form1.h(322): warning C4996: 'fopen': This function or variable may be unsafe. Consider using fopen_s instead. To disable deprecation, use _CRT_SECURE_NO_WARNINGS. See online help for details.
                 C:\Program Files (x86)\Microsoft Visual Studio 11.0\VC\include\stdio.h(218) : see declaration of 'fopen'
     1>c:\users\emre ozdemir\documents\visual studio 2012\projects\windowsformsapplication5\windowsformsapplication5\Form1.h(326): warning C4996: 'fcloseall': The POSIX name for this item is deprecated. Instead, use the ISO C++ conformant name: _fcloseall. See online help for details.
                 C:\Program Files (x86)\Microsoft Visual Studio 11.0\VC\include\stdio.h(708) : see declaration of 'fcloseall'
     1>c:\users\emre ozdemir\documents\visual studio 2012\projects\windowsformsapplication5\windowsformsapplication5\Form1.h(327): warning C4244: 'argument' : conversion from 'double' to 'unsigned long', possible loss of data
     1>c:\users\emre ozdemir\documents\visual studio 2012\projects\windowsformsapplication5\windowsformsapplication5\Form1.h(327): warning C4996: '_sleep': This function or variable has been superceded by newer library or operating system functionality. Consider using Sleep instead. See online help for details.
                 C:\Program Files (x86)\Microsoft Visual Studio 11.0\VC\include\stdlib.h(881) : see declaration of '_sleep'
     1>c:\users\emre ozdemir\documents\visual studio 2012\projects\windowsformsapplication5\windowsformsapplication5\Form1.h(306): warning C4101: 'sleepSec' : unreferenced local variable
       Link:
         C:\Program Files (x86)\Microsoft Visual Studio 11.0\VC\bin\link.exe /ERRORREPORT:PROMPT /OUT:"C:\Users\Emre Ozdemir\Documents\Visual Studio 2012\Projects\WindowsFormsApplication5\Debug\WindowsFormsApplication5.exe" /INCREMENTAL /NOLOGO /ASSEMBLYRESOURCE:Debug\WindowsFormsApplication5.Form1.resources /MANIFEST /MANIFESTUAC:"level='asInvoker' uiAccess='false'" /manifest:embed /DEBUG /PDB:"C:\Users\Emre Ozdemir\Documents\Visual Studio 2012\Projects\WindowsFormsApplication5\Debug\WindowsFormsApplication5.pdb" /ASSEMBLYDEBUG /SUBSYSTEM:WINDOWS /TLBID:1 /ENTRY:"main" /DYNAMICBASE /FIXED:NO /NXCOMPAT /MACHINE:X86 Debug\app.res
         Debug\AssemblyInfo.obj
         Debug\stdafx.obj
         Debug\WindowsFormsApplication5.obj
         "Debug\.NETFramework,Version=v4.5.AssemblyAttributes.obj"
         WindowsFormsApplication5.vcxproj -> C:\Users\Emre Ozdemir\Documents\Visual Studio 2012\Projects\WindowsFormsApplication5\Debug\WindowsFormsApplication5.exe
     1>Done Building Project "C:\Users\Emre Ozdemir\Documents\Visual Studio 2012\Projects\WindowsFormsApplication5\WindowsFormsApplication5\WindowsFormsApplication5.vcxproj" (Build target(s)).

Build succeeded.

Time Elapsed 00:00:03.36
